<?xml version="1.0" encoding="UTF-8"?>
<testsuite name="JUnit Jupiter" tests="1" skipped="0" failures="0" errors="0" time="0.575" hostname="ST29211N129586P" timestamp="2023-01-27T12:54:05">
<properties>
<property name="file.encoding" value="UTF-8"/>
<property name="file.separator" value="/"/>
<property name="java.class.path" value=""/>
<property name="java.class.version" value="61.0"/>
<property name="java.endorsed.dirs" value=""/>
<property name="java.ext.dirs" value=""/>
<property name="java.io.tmpdir" value="/tmp"/>
<property name="java.library.path" value="/usr/lib64:/lib64:/lib:/usr/lib"/>
<property name="java.specification.name" value="Java Platform API Specification"/>
<property name="java.specification.vendor" value="Oracle Corporation"/>
<property name="java.specification.version" value="17"/>
<property name="java.vendor" value="Oracle Corporation"/>
<property name="java.vendor.url" value="https://www.graalvm.org/"/>
<property name="java.version" value="17.0.5"/>
<property name="java.vm.name" value="Substrate VM"/>
<property name="java.vm.specification.name" value="Java Virtual Machine Specification"/>
<property name="java.vm.specification.vendor" value="Oracle Corporation"/>
<property name="java.vm.specification.version" value="17"/>
<property name="java.vm.vendor" value="Oracle Corporation"/>
<property name="java.vm.version" value="GraalVM 22.3.0 Java 17 CE"/>
<property name="jdk.lang.Process.launchMechanism" value="FORK"/>
<property name="line.separator" value="
"/>
<property name="org.graalvm.nativeimage.imagecode" value="runtime"/>
<property name="org.graalvm.nativeimage.kind" value="executable"/>
<property name="os.arch" value="amd64"/>
<property name="os.name" value="Linux"/>
<property name="os.version" value="5.10.16.3-microsoft-standard-WSL2"/>
<property name="path.separator" value=":"/>
<property name="sun.arch.data.model" value="64"/>
<property name="sun.jnu.encoding" value="UTF-8"/>
<property name="user.dir" value="/mnt/c/Users/n129586/workspace/micros-incidencias/error-context-runner"/>
<property name="user.home" value="/home/n129586"/>
<property name="user.name" value="n129586"/>
<property name="user.timezone" value="Europe/Madrid"/>
</properties>
<testcase name="checkReactiveWebAppBeans()" classname="com.example.errorcontextrunner.ContextRunnerTests" time="0.077">
<system-out><![CDATA[
unique-id: [engine:junit-jupiter]/[class:com.example.errorcontextrunner.ContextRunnerTests]/[method:checkReactiveWebAppBeans()]
display-name: checkReactiveWebAppBeans()
]]></system-out>
</testcase>
<system-out><![CDATA[
unique-id: [engine:junit-jupiter]
display-name: JUnit Jupiter
]]></system-out>
</testsuite>
